<?xml version="1.0" encoding="UTF-8"?>
<!-- Generated by org.testng.reporters.JUnitReportReporter -->
<testsuite hostname="NagarajNaik961" failures="0" tests="6" name="EcommerceApplication.Ecommerce_Client" time="76.337" errors="0" timestamp="2025-03-08T01:02:48 IST" skipped="0">
  <testcase classname="EcommerceApplication.Ecommerce_Client" name="SignUpUser" time="34.641"/>
  <system-out/>
  <testcase classname="EcommerceApplication.Ecommerce_Client" name="SignInUser" time="20.720"/>
  <system-out/>
  <testcase classname="EcommerceApplication.Ecommerce_Client" name="SelectMobile" time="4.249"/>
  <system-out/>
  <testcase classname="EcommerceApplication.Ecommerce_Client" name="AddTocCart" time="2.679"/>
  <system-out/>
  <testcase classname="EcommerceApplication.Ecommerce_Client" name="placeOrderBy" time="1.744"/>
  <system-out/>
  <testcase classname="EcommerceApplication.Ecommerce_Client" name="UserandOrderDetails" time="12.304"/>
  <system-out/>
</testsuite> <!-- EcommerceApplication.Ecommerce_Client -->
