<?xml version="1.0" encoding="UTF-8"?>
<!-- Generated by org.testng.reporters.JUnitReportReporter -->
<testsuite hostname="NagarajNaik961" failures="0" tests="1" name="CapstoneOrangeHrm.Maven_test" time="20.509" errors="0" timestamp="2025-02-11T19:48:59 IST" skipped="0">
  <testcase classname="CapstoneOrangeHrm.Maven_test" name="f" time="20.509"/>
</testsuite> <!-- CapstoneOrangeHrm.Maven_test -->
