<?xml version="1.0" encoding="UTF-8"?>
<!-- Generated by org.testng.reporters.JUnitReportReporter -->
<testsuite hostname="NagarajNaik961" failures="0" tests="1" name="CapstoneOrangeHrm.LoginModuletestClass_01" time="2.981" errors="0" timestamp="2025-02-26T11:36:33 IST" skipped="0">
  <testcase classname="CapstoneOrangeHrm.LoginModuletestClass_01" name="userLoginTest" time="2.981"/>
  <system-out/>
</testsuite> <!-- CapstoneOrangeHrm.LoginModuletestClass_01 -->
