<?xml version="1.0" encoding="UTF-8"?>
<!-- Generated by org.testng.reporters.JUnitReportReporter -->
<testsuite hostname="NagarajNaik961" failures="0" tests="10" name="Telecom_Domain.RestassuredApiTest" time="21.972" errors="0" timestamp="2025-03-08T01:04:47 IST" skipped="0">
  <testcase classname="Telecom_Domain.RestassuredApiTest" name="addNewUser" time="7.759"/>
  <system-out/>
  <testcase classname="Telecom_Domain.RestassuredApiTest" name="testGetUserProfile" time="1.617"/>
  <system-out/>
  <testcase classname="Telecom_Domain.RestassuredApiTest" name="updateUserProfile" time="1.809"/>
  <system-out/>
  <testcase classname="Telecom_Domain.RestassuredApiTest" name="loginUser" time="1.649"/>
  <system-out/>
  <testcase classname="Telecom_Domain.RestassuredApiTest" name="addContact" time="1.537"/>
  <system-out/>
  <testcase classname="Telecom_Domain.RestassuredApiTest" name="getContactList" time="1.685"/>
  <system-out/>
  <testcase classname="Telecom_Domain.RestassuredApiTest" name="getContact" time="1.445"/>
  <system-out/>
  <testcase classname="Telecom_Domain.RestassuredApiTest" name="UpdateContact" time="1.572"/>
  <system-out/>
  <testcase classname="Telecom_Domain.RestassuredApiTest" name="updateContactPatch" time="1.509"/>
  <system-out/>
  <testcase classname="Telecom_Domain.RestassuredApiTest" name="logoutUser" time="1.390"/>
  <system-out/>
</testsuite> <!-- Telecom_Domain.RestassuredApiTest -->
