<?xml version="1.0" encoding="UTF-8"?>
<!-- Generated by org.testng.reporters.JUnitReportReporter -->
<testsuite hostname="NagarajNaik961" failures="0" tests="4" name="CapstoneOrangeHrm.AdminModuletestClass_01" time="78.026" errors="0" timestamp="2025-03-07T12:37:00 IST" skipped="0">
  <testcase classname="CapstoneOrangeHrm.AdminModuletestClass_01" name="testAdminModule" time="15.002"/>
  <system-out/>
  <testcase classname="CapstoneOrangeHrm.AdminModuletestClass_01" name="ByUserName" time="27.894"/>
  <system-out/>
  <testcase classname="CapstoneOrangeHrm.AdminModuletestClass_01" name="ByUserRoleAdmin" time="11.667"/>
  <system-out/>
  <testcase classname="CapstoneOrangeHrm.AdminModuletestClass_01" name="ByUserStatus" time="23.463"/>
  <system-out/>
</testsuite> <!-- CapstoneOrangeHrm.AdminModuletestClass_01 -->
